Server error: TypeError: fetch failed
    at node:internal/deps/undici/undici:16416:13
    at async requestChatCompletion (C:\Users\JOHN\Desktop\smart boss\lib\chat-service.js:155:20)
    at async handleChat (C:\Users\JOHN\Desktop\smart boss\server.js:112:22)
    at async Server.<anonymous> (C:\Users\JOHN\Desktop\smart boss\server.js:195:5) {
  [cause]: HeadersTimeoutError: Headers Timeout Error
      at FastTimer.onParserTimeout [as _onTimeout] (node:internal/deps/undici/undici:7505:32)
      at Timeout.onTick [as _onTimeout] (node:internal/deps/undici/undici:689:17)
      at listOnTimeout (node:internal/timers:605:17)
      at process.processTimers (node:internal/timers:541:7) {
    code: 'UND_ERR_HEADERS_TIMEOUT'
  }
}
Server error: TypeError: fetch failed
    at node:internal/deps/undici/undici:16416:13
    at async requestChatCompletion (C:\Users\JOHN\Desktop\smart boss\lib\chat-service.js:155:20)
    at async handleChat (C:\Users\JOHN\Desktop\smart boss\server.js:112:22)
    at async Server.<anonymous> (C:\Users\JOHN\Desktop\smart boss\server.js:195:5) {
  [cause]: HeadersTimeoutError: Headers Timeout Error
      at FastTimer.onParserTimeout [as _onTimeout] (node:internal/deps/undici/undici:7505:32)
      at Timeout.onTick [as _onTimeout] (node:internal/deps/undici/undici:689:17)
      at listOnTimeout (node:internal/timers:605:17)
      at process.processTimers (node:internal/timers:541:7) {
    code: 'UND_ERR_HEADERS_TIMEOUT'
  }
}
